<?xml version="1.0" encoding="UTF-8"?>
<testng-results ignored="0" total="1" passed="1" failed="0" skipped="0">
  <reporter-output>
  </reporter-output>
  <suite started-at="2021-10-31T17:29:14 IST" name="Default suite" finished-at="2021-10-31T17:29:22 IST" duration-ms="7932">
    <groups>
    </groups>
    <test started-at="2021-10-31T17:29:14 IST" name="Default test" finished-at="2021-10-31T17:29:22 IST" duration-ms="7932">
      <class name="testcase.VieweadNegative">
        <test-method is-config="true" signature="preconditions()[pri:0, instance:testcase.VieweadNegative@f0da945]" started-at="2021-10-31T17:29:14 IST" name="preconditions" finished-at="2021-10-31T17:29:20 IST" duration-ms="6016" status="PASS">
          <reporter-output>
          </reporter-output>
        </test-method> <!-- preconditions -->
        <test-method signature="runViewLead()[pri:0, instance:testcase.VieweadNegative@f0da945]" started-at="2021-10-31T17:29:20 IST" name="runViewLead" finished-at="2021-10-31T17:29:21 IST" duration-ms="1254" status="PASS">
          <reporter-output>
          </reporter-output>
        </test-method> <!-- runViewLead -->
        <test-method is-config="true" signature="closeBrowser()[pri:0, instance:testcase.VieweadNegative@f0da945]" started-at="2021-10-31T17:29:21 IST" name="closeBrowser" finished-at="2021-10-31T17:29:22 IST" duration-ms="625" status="PASS">
          <reporter-output>
          </reporter-output>
        </test-method> <!-- closeBrowser -->
      </class> <!-- testcase.VieweadNegative -->
    </test> <!-- Default test -->
  </suite> <!-- Default suite -->
</testng-results>
